ffmpeg version 4.4-tessus  https://evermeet.cx/ffmpeg/  Copyright (c) 2000-2021 the FFmpeg developers
  built with Apple clang version 11.0.0 (clang-1100.0.33.17)
  configuration: --cc=/usr/bin/clang --prefix=/opt/ffmpeg --extra-version=tessus --enable-avisynth --enable-fontconfig --enable-gpl --enable-libaom --enable-libass --enable-libbluray --enable-libdav1d --enable-libfreetype --enable-libgsm --enable-libmodplug --enable-libmp3lame --enable-libmysofa --enable-libopencore-amrnb --enable-libopencore-amrwb --enable-libopenh264 --enable-libopenjpeg --enable-libopus --enable-librubberband --enable-libshine --enable-libsnappy --enable-libsoxr --enable-libspeex --enable-libtheora --enable-libtwolame --enable-libvidstab --enable-libvmaf --enable-libvo-amrwbenc --enable-libvorbis --enable-libvpx --enable-libwebp --enable-libx264 --enable-libx265 --enable-libxavs --enable-libxvid --enable-libzimg --enable-libzmq --enable-libzvbi --enable-version3 --pkg-config-flags=--static --disable-ffplay
  libavutil      56. 70.100 / 56. 70.100
  libavcodec     58.134.100 / 58.134.100
  libavformat    58. 76.100 / 58. 76.100
  libavdevice    58. 13.100 / 58. 13.100
  libavfilter     7.110.100 /  7.110.100
  libswscale      5.  9.100 /  5.  9.100
  libswresample   3.  9.100 /  3.  9.100
  libpostproc    55.  9.100 / 55.  9.100
Splitting the commandline.
Reading option '-v' ... matched as option 'v' (set logging level) with argument 'debug'.
Reading option '-nostdin' ... matched as option 'stdin' (enable or disable interaction on standard input) with argument 0.
Reading option '-progress' ... matched as option 'progress' (write program-readable progress information) with argument '/private/var/folders/0s/j190k7_93rn3mnz3rv3c9w_00000gn/T/KritaFFmpegProgress.DBKasK'.
Reading option '-r' ... matched as option 'r' (set frame rate (Hz value, fraction or abbreviation)) with argument '19'.
Reading option '-start_number' ... matched as AVOption 'start_number' with argument '0'.
Reading option '-i' ... matched as input url with argument '/Users/yuri/Desktop/webcomic-test-site/frame%04d.png'.
Reading option '-crf' ... matched as AVOption 'crf' with argument '23'.
Reading option '-preset' ... matched as AVOption 'preset' with argument 'medium'.
Reading option '-profile:v' ... matched as option 'profile' (set profile) with argument 'baseline'.
Reading option '-pix_fmt' ... matched as option 'pix_fmt' (set pixel format) with argument 'yuv420p'.
Reading option '-y' ... matched as option 'y' (overwrite output files) with argument '1'.
Reading option '/Users/yuri/Desktop/webcomic-test-site/tt-resize-faceCloseEyesOpen1.mp4' ... matched as output url.
Finished splitting the commandline.
Parsing a group of options: global .
Applying option v (set logging level) with argument debug.
Applying option nostdin (enable or disable interaction on standard input) with argument 0.
Applying option progress (write program-readable progress information) with argument /private/var/folders/0s/j190k7_93rn3mnz3rv3c9w_00000gn/T/KritaFFmpegProgress.DBKasK.
[file @ 0x7f8628a04080] Setting default whitelist 'file,crypto,data'
Applying option y (overwrite output files) with argument 1.
Successfully parsed a group of options.
Parsing a group of options: input url /Users/yuri/Desktop/webcomic-test-site/frame%04d.png.
Applying option r (set frame rate (Hz value, fraction or abbreviation)) with argument 19.
Successfully parsed a group of options.
Opening an input file: /Users/yuri/Desktop/webcomic-test-site/frame%04d.png.
[image2 @ 0x7f862900c000] Opening '/Users/yuri/Desktop/webcomic-test-site/frame0000.png' for reading
[file @ 0x7f8628a04780] Setting default whitelist 'file,crypto,data'
[AVIOContext @ 0x7f8628905540] Statistics: 479189 bytes read, 0 seeks
[image2 @ 0x7f862900c000] Opening '/Users/yuri/Desktop/webcomic-test-site/frame0001.png' for reading
[file @ 0x7f8628905600] Setting default whitelist 'file,crypto,data'
[AVIOContext @ 0x7f8628905700] Statistics: 479189 bytes read, 0 seeks
[image2 @ 0x7f862900c000] Opening '/Users/yuri/Desktop/webcomic-test-site/frame0002.png' for reading
[file @ 0x7f8626f04400] Setting default whitelist 'file,crypto,data'
[AVIOContext @ 0x7f8626f04680] Statistics: 479189 bytes read, 0 seeks
[image2 @ 0x7f862900c000] Opening '/Users/yuri/Desktop/webcomic-test-site/frame0003.png' for reading
[file @ 0x7f8628a048c0] Setting default whitelist 'file,crypto,data'
[AVIOContext @ 0x7f8628a049c0] Statistics: 484642 bytes read, 0 seeks
[image2 @ 0x7f862900c000] Opening '/Users/yuri/Desktop/webcomic-test-site/frame0004.png' for reading
[file @ 0x7f8628905680] Setting default whitelist 'file,crypto,data'
[AVIOContext @ 0x7f86289058c0] Statistics: 483045 bytes read, 0 seeks
[image2 @ 0x7f862900c000] Opening '/Users/yuri/Desktop/webcomic-test-site/frame0005.png' for reading
[file @ 0x7f8626f044c0] Setting default whitelist 'file,crypto,data'
[AVIOContext @ 0x7f86289058c0] Statistics: 483506 bytes read, 0 seeks
[image2 @ 0x7f862900c000] Opening '/Users/yuri/Desktop/webcomic-test-site/frame0006.png' for reading
[file @ 0x7f86289058c0] Setting default whitelist 'file,crypto,data'
[AVIOContext @ 0x7f86289059c0] Statistics: 478480 bytes read, 0 seeks
[image2 @ 0x7f862900c000] Opening '/Users/yuri/Desktop/webcomic-test-site/frame0007.png' for reading
[file @ 0x7f8628a04980] Setting default whitelist 'file,crypto,data'
[AVIOContext @ 0x7f8628a04cc0] Statistics: 478480 bytes read, 0 seeks
[image2 @ 0x7f862900c000] Opening '/Users/yuri/Desktop/webcomic-test-site/frame0008.png' for reading
[file @ 0x7f8628805540] Setting default whitelist 'file,crypto,data'
[AVIOContext @ 0x7f8626f04600] Statistics: 482107 bytes read, 0 seeks
[image2 @ 0x7f862900c000] Opening '/Users/yuri/Desktop/webcomic-test-site/frame0009.png' for reading
[file @ 0x7f8626f04600] Setting default whitelist 'file,crypto,data'
[AVIOContext @ 0x7f8626f04780] Statistics: 478655 bytes read, 0 seeks
[image2 @ 0x7f862900c000] Opening '/Users/yuri/Desktop/webcomic-test-site/frame0010.png' for reading
[file @ 0x7f8626f04680] Setting default whitelist 'file,crypto,data'
[AVIOContext @ 0x7f8626f04940] Statistics: 478655 bytes read, 0 seeks
[image2 @ 0x7f862900c000] Probe buffer size limit of 5000000 bytes reached
Input #0, image2, from '/Users/yuri/Desktop/webcomic-test-site/frame%04d.png':
  Duration: 00:00:00.80, start: 0.000000, bitrate: N/A
  Stream #0:0, 11, 1/25: Video: png, 1 reference frame, rgba(pc), 1080x1920 [SAR 23622:23622 DAR 9:16], 0/1, 25 fps, 25 tbr, 25 tbn, 25 tbc
Successfully opened the file.
Parsing a group of options: output url /Users/yuri/Desktop/webcomic-test-site/tt-resize-faceCloseEyesOpen1.mp4.
Applying option profile:v (set profile) with argument baseline.
Applying option pix_fmt (set pixel format) with argument yuv420p.
Successfully parsed a group of options.
Opening an output file: /Users/yuri/Desktop/webcomic-test-site/tt-resize-faceCloseEyesOpen1.mp4.
[file @ 0x7f8628904c00] Setting default whitelist 'file,crypto,data'
Successfully opened the file.
detected 4 logical cores
Stream mapping:
  Stream #0:0 -> #0:0 (png (native) -> h264 (libx264))
cur_dts is invalid st:0 (0) [init:0 i_done:0 finish:0] (this is harmless if it occurs once at the start per stream)
    Last message repeated 4 times
[graph 0 input from stream 0:0 @ 0x7f8628a062c0] Setting 'video_size' to value '1080x1920'
[graph 0 input from stream 0:0 @ 0x7f8628a062c0] Setting 'pix_fmt' to value '26'
[graph 0 input from stream 0:0 @ 0x7f8628a062c0] Setting 'time_base' to value '1/19'
[graph 0 input from stream 0:0 @ 0x7f8628a062c0] Setting 'pixel_aspect' to value '23622/23622'
[graph 0 input from stream 0:0 @ 0x7f8628a062c0] Setting 'frame_rate' to value '19/1'
[graph 0 input from stream 0:0 @ 0x7f8628a062c0] w:1080 h:1920 pixfmt:rgba tb:1/19 fr:19/1 sar:23622/23622
[format @ 0x7f8628806800] Setting 'pix_fmts' to value 'yuv420p'
[auto_scaler_0 @ 0x7f8628a064c0] Setting 'flags' to value 'bicubic'
[auto_scaler_0 @ 0x7f8628a064c0] w:iw h:ih flags:'bicubic' interl:0
[format @ 0x7f8628806800] auto-inserting filter 'auto_scaler_0' between the filter 'Parsed_null_0' and the filter 'format'
[AVFilterGraph @ 0x7f8628806700] query_formats: 4 queried, 2 merged, 1 already done, 0 delayed
[auto_scaler_0 @ 0x7f8628a064c0] w:1080 h:1920 fmt:rgba sar:23622/23622 -> w:1080 h:1920 fmt:yuv420p sar:1/1 flags:0x4
[libx264 @ 0x7f8629009e00] using mv_range_thread = 152
[libx264 @ 0x7f8629009e00] using SAR=1/1
[libx264 @ 0x7f8629009e00] using cpu capabilities: MMX2 SSE2Fast SSSE3 SSE4.2 AVX FMA3 BMI2 AVX2
[libx264 @ 0x7f8629009e00] profile Constrained Baseline, level 4.0, 4:2:0, 8-bit
[libx264 @ 0x7f8629009e00] 264 - core 161 r3048 b86ae3c - H.264/MPEG-4 AVC codec - Copyleft 2003-2021 - http://www.videolan.org/x264.html - options: cabac=0 ref=3 deblock=1:0:0 analyse=0x1:0x111 me=hex subme=7 psy=1 psy_rd=1.00:0.00 mixed_ref=1 me_range=16 chroma_me=1 trellis=1 8x8dct=0 cqm=0 deadzone=21,11 fast_pskip=1 chroma_qp_offset=-2 threads=6 lookahead_threads=1 sliced_threads=0 nr=0 decimate=1 interlaced=0 bluray_compat=0 constrained_intra=0 bframes=0 weightp=0 keyint=250 keyint_min=19 scenecut=40 intra_refresh=0 rc_lookahead=40 rc=crf mbtree=1 crf=23.0 qcomp=0.60 qpmin=0 qpmax=69 qpstep=4 ip_ratio=1.40 aq=1:1.00
Output #0, mp4, to '/Users/yuri/Desktop/webcomic-test-site/tt-resize-faceCloseEyesOpen1.mp4':
  Metadata:
    encoder         : Lavf58.76.100
  Stream #0:0, 0, 1/19456: Video: h264, 1 reference frame (avc1 / 0x31637661), yuv420p(tv, progressive), 1080x1920 (0x0) [SAR 1:1 DAR 9:16], 0/1, q=2-31, 19 fps, 19456 tbn
    Metadata:
      encoder         : Lavc58.134.100 libx264
    Side data:
      cpb: bitrate max/min/avg: 0/0/0 buffer size: 0 vbv_delay: N/A
Clipping frame in rate conversion by 0.000008
frame=    1 fps=0.0 q=0.0 size=       0kB time=00:00:00.00 bitrate=N/A speed=   0x    cur_dts is invalid st:0 (0) [init:1 i_done:0 finish:0] (this is harmless if it occurs once at the start per stream)
    Last message repeated 4 times
frame=    6 fps=0.0 q=0.0 size=       0kB time=00:00:00.00 bitrate=N/A speed=   0x    cur_dts is invalid st:0 (0) [init:1 i_done:0 finish:0] (this is harmless if it occurs once at the start per stream)
    Last message repeated 1 times
[image2 @ 0x7f862900c000] Opening '/Users/yuri/Desktop/webcomic-test-site/frame0011.png' for reading
[file @ 0x7f8626f06e00] Setting default whitelist 'file,crypto,data'
[AVIOContext @ 0x7f8626f069c0] Statistics: 456100 bytes read, 0 seeks
cur_dts is invalid st:0 (0) [init:1 i_done:0 finish:0] (this is harmless if it occurs once at the start per stream)
[image2 @ 0x7f862900c000] Opening '/Users/yuri/Desktop/webcomic-test-site/frame0012.png' for reading
[file @ 0x7f8626f09640] Setting default whitelist 'file,crypto,data'
[AVIOContext @ 0x7f8626f06940] Statistics: 456100 bytes read, 0 seeks
cur_dts is invalid st:0 (0) [init:1 i_done:0 finish:0] (this is harmless if it occurs once at the start per stream)
[image2 @ 0x7f862900c000] Opening '/Users/yuri/Desktop/webcomic-test-site/frame0013.png' for reading
[file @ 0x7f8628906600] Setting default whitelist 'file,crypto,data'
[AVIOContext @ 0x7f8628905780] Statistics: 462552 bytes read, 0 seeks
cur_dts is invalid st:0 (0) [init:1 i_done:0 finish:0] (this is harmless if it occurs once at the start per stream)
[image2 @ 0x7f862900c000] Opening '/Users/yuri/Desktop/webcomic-test-site/frame0014.png' for reading
[file @ 0x7f86288086c0] Setting default whitelist 'file,crypto,data'
[AVIOContext @ 0x7f8628806000] Statistics: 462552 bytes read, 0 seeks
cur_dts is invalid st:0 (0) [init:1 i_done:0 finish:0] (this is harmless if it occurs once at the start per stream)
[image2 @ 0x7f862900c000] Opening '/Users/yuri/Desktop/webcomic-test-site/frame0015.png' for reading
[file @ 0x7f8628808700] Setting default whitelist 'file,crypto,data'
[AVIOContext @ 0x7f8628a08100] Statistics: 423020 bytes read, 0 seeks
frame=   12 fps=8.2 q=0.0 size=       0kB time=00:00:00.00 bitrate=N/A speed=   0x    cur_dts is invalid st:0 (0) [init:1 i_done:0 finish:0] (this is harmless if it occurs once at the start per stream)
[image2 @ 0x7f862900c000] Opening '/Users/yuri/Desktop/webcomic-test-site/frame0016.png' for reading
[file @ 0x7f8628a058c0] Setting default whitelist 'file,crypto,data'
[AVIOContext @ 0x7f8628a05980] Statistics: 423020 bytes read, 0 seeks
cur_dts is invalid st:0 (0) [init:1 i_done:0 finish:0] (this is harmless if it occurs once at the start per stream)
[image2 @ 0x7f862900c000] Opening '/Users/yuri/Desktop/webcomic-test-site/frame0017.png' for reading
[file @ 0x7f8628a05a40] Setting default whitelist 'file,crypto,data'
[AVIOContext @ 0x7f8628a08400] Statistics: 296814 bytes read, 0 seeks
cur_dts is invalid st:0 (0) [init:1 i_done:0 finish:0] (this is harmless if it occurs once at the start per stream)
[image2 @ 0x7f862900c000] Opening '/Users/yuri/Desktop/webcomic-test-site/frame0018.png' for reading
[file @ 0x7f8628a08480] Setting default whitelist 'file,crypto,data'
[AVIOContext @ 0x7f8628a08540] Statistics: 296814 bytes read, 0 seeks
cur_dts is invalid st:0 (0) [init:1 i_done:0 finish:0] (this is harmless if it occurs once at the start per stream)
[image2 @ 0x7f862900c000] Opening '/Users/yuri/Desktop/webcomic-test-site/frame0019.png' for reading
[file @ 0x7f8628905680] Setting default whitelist 'file,crypto,data'
[AVIOContext @ 0x7f8628907340] Statistics: 40934 bytes read, 0 seeks
cur_dts is invalid st:0 (0) [init:1 i_done:0 finish:0] (this is harmless if it occurs once at the start per stream)
    Last message repeated 5 times
[out_0_0 @ 0x7f8626f07480] EOF on sink link out_0_0:default.
No more output streams to write to, finishing.
[libx264 @ 0x7f8629009e00] scene cut at 11 Icost:872520 Pcost:837220 ratio:0.0405 bias:0.0579 gop:11 (imb:5860 pmb:1928)
[libx264 @ 0x7f8629009e00] scene cut at 13 Icost:1010902 Pcost:961519 ratio:0.0489 bias:0.0684 gop:13 (imb:5375 pmb:2413)
[libx264 @ 0x7f8629009e00] scene cut at 15 Icost:886538 Pcost:853014 ratio:0.0378 bias:0.0789 gop:15 (imb:5402 pmb:2386)
[libx264 @ 0x7f8629009e00] scene cut at 17 Icost:525748 Pcost:500975 ratio:0.0471 bias:0.0895 gop:17 (imb:5394 pmb:2394)
[libx264 @ 0x7f8629009e00] frame=   0 QP=13.08 NAL=3 Slice:I Poc:0   I:8160 P:0    SKIP:0    size=57504 bytes
[libx264 @ 0x7f8629009e00] frame=   1 QP=19.67 NAL=2 Slice:P Poc:2   I:2    P:165  SKIP:7993 size=523 bytes
[libx264 @ 0x7f8629009e00] frame=   2 QP=17.76 NAL=2 Slice:P Poc:4   I:0    P:16   SKIP:8144 size=71 bytes
[libx264 @ 0x7f8629009e00] frame=   3 QP=15.38 NAL=2 Slice:P Poc:6   I:197  P:870  SKIP:7093 size=3989 bytes
[libx264 @ 0x7f8629009e00] frame=   4 QP=20.94 NAL=2 Slice:P Poc:8   I:53   P:938  SKIP:7169 size=3506 bytes
[libx264 @ 0x7f8629009e00] frame=   5 QP=17.82 NAL=2 Slice:P Poc:10  I:49   P:704  SKIP:7407 size=3011 bytes
[libx264 @ 0x7f8629009e00] frame=   6 QP=17.60 NAL=2 Slice:P Poc:12  I:129  P:1195 SKIP:6836 size=4406 bytes
[libx264 @ 0x7f8629009e00] frame=   7 QP=17.51 NAL=2 Slice:P Poc:14  I:12   P:67   SKIP:8081 size=257 bytes
[libx264 @ 0x7f8629009e00] frame=   8 QP=21.80 NAL=2 Slice:P Poc:16  I:65   P:775  SKIP:7320 size=2899 bytes
[libx264 @ 0x7f8629009e00] frame=   9 QP=19.26 NAL=2 Slice:P Poc:18  I:68   P:851  SKIP:7241 size=2663 bytes
[libx264 @ 0x7f8629009e00] frame=  10 QP=12.06 NAL=2 Slice:P Poc:20  I:10   P:58   SKIP:8092 size=190 bytes
[libx264 @ 0x7f8629009e00] frame=  11 QP=10.59 NAL=2 Slice:I Poc:22  I:8160 P:0    SKIP:0    size=49161 bytes
[libx264 @ 0x7f8629009e00] frame=  12 QP=13.54 NAL=2 Slice:P Poc:24  I:1    P:45   SKIP:8114 size=140 bytes
[libx264 @ 0x7f8629009e00] frame=  13 QP=10.69 NAL=2 Slice:I Poc:26  I:8160 P:0    SKIP:0    size=51503 bytes
[libx264 @ 0x7f8629009e00] frame=  14 QP=10.00 NAL=2 Slice:P Poc:28  I:2    P:42   SKIP:8116 size=137 bytes
[libx264 @ 0x7f8629009e00] frame=  15 QP=10.78 NAL=2 Slice:I Poc:30  I:8160 P:0    SKIP:0    size=47087 bytes
[libx264 @ 0x7f8629009e00] frame=  16 QP=10.55 NAL=2 Slice:P Poc:32  I:5    P:73   SKIP:8082 size=208 bytes
[libx264 @ 0x7f8629009e00] frame=  17 QP=10.12 NAL=2 Slice:I Poc:34  I:8160 P:0    SKIP:0    size=32971 bytes
[libx264 @ 0x7f8629009e00] frame=  18 QP=19.22 NAL=2 Slice:P Poc:36  I:0    P:26   SKIP:8134 size=87 bytes
[libx264 @ 0x7f8629009e00] frame=  19 QP=12.00 NAL=2 Slice:P Poc:38  I:1242 P:8    SKIP:6910 size=1627 bytes
frame=   20 fps=8.2 q=-1.0 Lsize=     257kB time=00:00:01.00 bitrate=2107.9kbits/s speed=0.409x    
[AVIOContext @ 0x7f8628904240] Statistics: 0 seeks, 4 writeouts
video:256kB audio:0kB subtitle:0kB other streams:0kB global headers:0kB muxing overhead: 0.356479%
Input file #0 (/Users/yuri/Desktop/webcomic-test-site/frame%04d.png):
  Input stream #0:0 (video): 20 packets read (8603043 bytes); 20 frames decoded; 
  Total: 20 packets (8603043 bytes) demuxed
Output file #0 (/Users/yuri/Desktop/webcomic-test-site/tt-resize-faceCloseEyesOpen1.mp4):
  Output stream #0:0 (video): 20 frames encoded; 20 packets muxed (262568 bytes); 
  Total: 20 packets (262568 bytes) muxed
20 frames successfully decoded, 0 decoding errors
[AVIOContext @ 0x7f8628a04900] Statistics: 2 seeks, 5 writeouts
[libx264 @ 0x7f8629009e00] frame I:5     Avg QP:11.05  size: 47645
[libx264 @ 0x7f8629009e00] frame P:15    Avg QP:16.34  size:  1581
[libx264 @ 0x7f8629009e00] mb I  I16..4: 81.6%  0.0% 18.4%
[libx264 @ 0x7f8629009e00] mb P  I16..4:  1.4%  0.0%  0.1%  P16..4:  4.1%  0.5%  0.2%  0.0%  0.0%    skip:93.7%
[libx264 @ 0x7f8629009e00] coded y,uvDC,uvAC intra: 13.3% 18.6% 17.3% inter: 0.2% 1.0% 0.1%
[libx264 @ 0x7f8629009e00] i16 v,h,dc,p: 96%  2%  2%  0%
[libx264 @ 0x7f8629009e00] i4 v,h,dc,ddl,ddr,vr,hd,vl,hu: 23% 19% 20%  8%  5%  7%  5%  6%  8%
[libx264 @ 0x7f8629009e00] i8c dc,h,v,p: 87%  6%  6%  1%
[libx264 @ 0x7f8629009e00] ref P L0: 60.4% 21.7% 17.9%
[libx264 @ 0x7f8629009e00] kb/s:1990.74
